<?xml version="1.0" encoding="UTF-8"?>
<testng-results ignored="0" total="5" passed="5" failed="0" skipped="0">
  <reporter-output>
  </reporter-output>
  <suite started-at="2025-12-22T10:48:26 IST" name="Default suite" finished-at="2025-12-22T10:49:23 IST" duration-ms="56970">
    <groups>
      <group name="cucumber">
        <method signature="AbstractTestNGCucumberTests.runScenario(io.cucumber.testng.PickleWrapper,io.cucumber.testng.FeatureWrapper)[pri:0, instance:runner.TestRunner@68878f6d]" name="runScenario" class="io.cucumber.testng.AbstractTestNGCucumberTests"/>
      </group> <!-- cucumber -->
    </groups>
    <test started-at="2025-12-22T10:48:26 IST" name="Default test" finished-at="2025-12-22T10:49:23 IST" duration-ms="56970">
      <class name="runner.TestRunner">
        <test-method is-config="true" signature="setUpClass(org.testng.ITestContext)[pri:0, instance:runner.TestRunner@68878f6d]" started-at="2025-12-22T10:48:26 IST" name="setUpClass" finished-at="2025-12-22T10:48:26 IST" duration-ms="544" status="PASS">
          <params>
            <param index="0">
              <value>
                <![CDATA[org.testng.TestRunner@a2341c6]]>
              </value>
            </param>
          </params>
          <reporter-output>
          </reporter-output>
        </test-method> <!-- setUpClass -->
        <test-method signature="runScenario(io.cucumber.testng.PickleWrapper,io.cucumber.testng.FeatureWrapper)[pri:0, instance:runner.TestRunner@68878f6d]" started-at="2025-12-22T10:48:26 IST" name="runScenario" description="Runs Cucumber Scenarios" data-provider="scenarios" finished-at="2025-12-22T10:48:43 IST" duration-ms="16947" status="PASS">
          <params>
            <param index="0">
              <value>
                <![CDATA["Click on Services and Blog header links"]]>
              </value>
            </param>
            <param index="1">
              <value>
                <![CDATA["Verify header link click behavior"]]>
              </value>
            </param>
          </params>
          <reporter-output>
          </reporter-output>
        </test-method> <!-- runScenario -->
        <test-method signature="runScenario(io.cucumber.testng.PickleWrapper,io.cucumber.testng.FeatureWrapper)[pri:0, instance:runner.TestRunner@68878f6d]" started-at="2025-12-22T10:48:43 IST" name="runScenario" description="Runs Cucumber Scenarios" data-provider="scenarios" finished-at="2025-12-22T10:48:53 IST" duration-ms="9991" status="PASS">
          <params>
            <param index="0">
              <value>
                <![CDATA["Logo and navigation menu are visible"]]>
              </value>
            </param>
            <param index="1">
              <value>
                <![CDATA["Verify header navigation and logo visibility"]]>
              </value>
            </param>
          </params>
          <reporter-output>
          </reporter-output>
        </test-method> <!-- runScenario -->
        <test-method signature="runScenario(io.cucumber.testng.PickleWrapper,io.cucumber.testng.FeatureWrapper)[pri:0, instance:runner.TestRunner@68878f6d]" started-at="2025-12-22T10:48:53 IST" name="runScenario" description="Runs Cucumber Scenarios" data-provider="scenarios" finished-at="2025-12-22T10:49:04 IST" duration-ms="11068" status="PASS">
          <params>
            <param index="0">
              <value>
                <![CDATA["Click on links in HeaderNavigation Links"]]>
              </value>
            </param>
            <param index="1">
              <value>
                <![CDATA["Verify header navigation and logo visibility"]]>
              </value>
            </param>
          </params>
          <reporter-output>
          </reporter-output>
        </test-method> <!-- runScenario -->
        <test-method signature="runScenario(io.cucumber.testng.PickleWrapper,io.cucumber.testng.FeatureWrapper)[pri:0, instance:runner.TestRunner@68878f6d]" started-at="2025-12-22T10:49:04 IST" name="runScenario" description="Runs Cucumber Scenarios" data-provider="scenarios" finished-at="2025-12-22T10:49:12 IST" duration-ms="7345" status="PASS">
          <params>
            <param index="0">
              <value>
                <![CDATA["User opens the home page"]]>
              </value>
            </param>
            <param index="1">
              <value>
                <![CDATA["Verify Home Page functionality of TheRapidHire Website"]]>
              </value>
            </param>
          </params>
          <reporter-output>
          </reporter-output>
        </test-method> <!-- runScenario -->
        <test-method signature="runScenario(io.cucumber.testng.PickleWrapper,io.cucumber.testng.FeatureWrapper)[pri:0, instance:runner.TestRunner@68878f6d]" started-at="2025-12-22T10:49:12 IST" name="runScenario" description="Runs Cucumber Scenarios" data-provider="scenarios" finished-at="2025-12-22T10:49:23 IST" duration-ms="10953" status="PASS">
          <params>
            <param index="0">
              <value>
                <![CDATA["Clicking the logo while offline should not refresh the page or show a warning"]]>
              </value>
            </param>
            <param index="1">
              <value>
                <![CDATA["Verify logo click behavior when offline"]]>
              </value>
            </param>
          </params>
          <reporter-output>
          </reporter-output>
        </test-method> <!-- runScenario -->
        <test-method is-config="true" signature="tearDownClass()[pri:0, instance:runner.TestRunner@68878f6d]" started-at="2025-12-22T10:49:23 IST" name="tearDownClass" finished-at="2025-12-22T10:49:23 IST" duration-ms="2" status="PASS">
          <reporter-output>
          </reporter-output>
        </test-method> <!-- tearDownClass -->
      </class> <!-- runner.TestRunner -->
    </test> <!-- Default test -->
  </suite> <!-- Default suite -->
</testng-results>
