<?xml version="1.0" encoding="UTF-8"?>
<testng-results ignored="0" total="5" passed="5" failed="0" skipped="0">
  <reporter-output>
  </reporter-output>
  <suite started-at="2025-08-13T12:48:18 IST" name="Default suite" finished-at="2025-08-13T12:49:46 IST" duration-ms="88470">
    <groups>
      <group name="cucumber">
        <method signature="AbstractTestNGCucumberTests.runScenario(io.cucumber.testng.PickleWrapper,io.cucumber.testng.FeatureWrapper)[pri:0, instance:runner.TestRunner@38d8f54a]" name="runScenario" class="io.cucumber.testng.AbstractTestNGCucumberTests"/>
      </group> <!-- cucumber -->
    </groups>
    <test started-at="2025-08-13T12:48:18 IST" name="Default test" finished-at="2025-08-13T12:49:46 IST" duration-ms="88470">
      <class name="runner.TestRunner">
        <test-method is-config="true" signature="setUpClass(org.testng.ITestContext)[pri:0, instance:runner.TestRunner@38d8f54a]" started-at="2025-08-13T12:48:18 IST" name="setUpClass" finished-at="2025-08-13T12:48:19 IST" duration-ms="1199" status="PASS">
          <params>
            <param index="0">
              <value>
                <![CDATA[org.testng.TestRunner@75d4a80f]]>
              </value>
            </param>
          </params>
          <reporter-output>
          </reporter-output>
        </test-method> <!-- setUpClass -->
        <test-method signature="runScenario(io.cucumber.testng.PickleWrapper,io.cucumber.testng.FeatureWrapper)[pri:0, instance:runner.TestRunner@38d8f54a]" started-at="2025-08-13T12:48:19 IST" name="runScenario" description="Runs Cucumber Scenarios" data-provider="scenarios" finished-at="2025-08-13T12:48:48 IST" duration-ms="28357" status="PASS">
          <params>
            <param index="0">
              <value>
                <![CDATA["Click on Services and Blog header links"]]>
              </value>
            </param>
            <param index="1">
              <value>
                <![CDATA["Verify header link click behavior"]]>
              </value>
            </param>
          </params>
          <reporter-output>
          </reporter-output>
        </test-method> <!-- runScenario -->
        <test-method signature="runScenario(io.cucumber.testng.PickleWrapper,io.cucumber.testng.FeatureWrapper)[pri:0, instance:runner.TestRunner@38d8f54a]" started-at="2025-08-13T12:48:48 IST" name="runScenario" description="Runs Cucumber Scenarios" data-provider="scenarios" finished-at="2025-08-13T12:49:09 IST" duration-ms="21626" status="PASS">
          <params>
            <param index="0">
              <value>
                <![CDATA["Logo and navigation menu are visible"]]>
              </value>
            </param>
            <param index="1">
              <value>
                <![CDATA["Verify header navigation and logo visibility"]]>
              </value>
            </param>
          </params>
          <reporter-output>
          </reporter-output>
        </test-method> <!-- runScenario -->
        <test-method signature="runScenario(io.cucumber.testng.PickleWrapper,io.cucumber.testng.FeatureWrapper)[pri:0, instance:runner.TestRunner@38d8f54a]" started-at="2025-08-13T12:49:09 IST" name="runScenario" description="Runs Cucumber Scenarios" data-provider="scenarios" finished-at="2025-08-13T12:49:21 IST" duration-ms="12060" status="PASS">
          <params>
            <param index="0">
              <value>
                <![CDATA["Click on links in HeaderNavigation Links"]]>
              </value>
            </param>
            <param index="1">
              <value>
                <![CDATA["Verify header navigation and logo visibility"]]>
              </value>
            </param>
          </params>
          <reporter-output>
          </reporter-output>
        </test-method> <!-- runScenario -->
        <test-method signature="runScenario(io.cucumber.testng.PickleWrapper,io.cucumber.testng.FeatureWrapper)[pri:0, instance:runner.TestRunner@38d8f54a]" started-at="2025-08-13T12:49:21 IST" name="runScenario" description="Runs Cucumber Scenarios" data-provider="scenarios" finished-at="2025-08-13T12:49:32 IST" duration-ms="10357" status="PASS">
          <params>
            <param index="0">
              <value>
                <![CDATA["User opens the home page"]]>
              </value>
            </param>
            <param index="1">
              <value>
                <![CDATA["Verify Home Page functionality of TheRapidHire Website"]]>
              </value>
            </param>
          </params>
          <reporter-output>
          </reporter-output>
        </test-method> <!-- runScenario -->
        <test-method signature="runScenario(io.cucumber.testng.PickleWrapper,io.cucumber.testng.FeatureWrapper)[pri:0, instance:runner.TestRunner@38d8f54a]" started-at="2025-08-13T12:49:32 IST" name="runScenario" description="Runs Cucumber Scenarios" data-provider="scenarios" finished-at="2025-08-13T12:49:46 IST" duration-ms="14666" status="PASS">
          <params>
            <param index="0">
              <value>
                <![CDATA["Clicking the logo while offline should not refresh the page or show a warning"]]>
              </value>
            </param>
            <param index="1">
              <value>
                <![CDATA["Verify logo click behavior when offline"]]>
              </value>
            </param>
          </params>
          <reporter-output>
          </reporter-output>
        </test-method> <!-- runScenario -->
        <test-method is-config="true" signature="tearDownClass()[pri:0, instance:runner.TestRunner@38d8f54a]" started-at="2025-08-13T12:49:46 IST" name="tearDownClass" finished-at="2025-08-13T12:49:46 IST" duration-ms="143" status="PASS">
          <reporter-output>
          </reporter-output>
        </test-method> <!-- tearDownClass -->
      </class> <!-- runner.TestRunner -->
    </test> <!-- Default test -->
  </suite> <!-- Default suite -->
</testng-results>
