<?xml version="1.0" encoding="UTF-8"?>
<!-- Generated by org.testng.reporters.JUnitReportReporter -->
<testsuite hostname="PrajjawalMalviya" failures="0" tests="5" name="runner.TestRunner" time="56.304" errors="0" timestamp="2025-12-22T10:49:23 IST" skipped="0">
  <testcase classname="runner.TestRunner" name="runScenario" time="16.947"/>
  <testcase classname="runner.TestRunner" name="runScenario" time="7.345"/>
  <testcase classname="runner.TestRunner" name="runScenario" time="10.953"/>
  <testcase classname="runner.TestRunner" name="runScenario" time="11.068"/>
  <testcase classname="runner.TestRunner" name="runScenario" time="9.991"/>
</testsuite> <!-- runner.TestRunner -->
