<?xml version="1.0" encoding="UTF-8"?>
<!-- Generated by org.testng.reporters.JUnitReportReporter -->
<testsuite hostname="PrajjawalMalviya" failures="0" tests="5" name="runner.TestNGRunner" time="123.784" errors="0" timestamp="2025-07-28T22:28:14 IST" skipped="0">
  <testcase classname="runner.TestNGRunner" name="runScenario" time="6.810"/>
  <testcase classname="runner.TestNGRunner" name="runScenario" time="18.950"/>
  <testcase classname="runner.TestNGRunner" name="runScenario" time="1.665"/>
  <testcase classname="runner.TestNGRunner" name="runScenario" time="37.601"/>
  <testcase classname="runner.TestNGRunner" name="runScenario" time="58.758"/>
</testsuite> <!-- runner.TestNGRunner -->
