<?xml version="1.0" encoding="UTF-8"?>
<!-- Generated by org.testng.reporters.JUnitReportReporter -->
<testsuite hostname="PrajjawalMalviya" failures="0" tests="5" name="runner.TestRunner" time="87.066" errors="0" timestamp="2025-08-13T12:49:47 IST" skipped="0">
  <testcase classname="runner.TestRunner" name="runScenario" time="28.357"/>
  <system-out/>
  <testcase classname="runner.TestRunner" name="runScenario" time="21.626"/>
  <system-out/>
  <testcase classname="runner.TestRunner" name="runScenario" time="10.357"/>
  <system-out/>
  <testcase classname="runner.TestRunner" name="runScenario" time="14.666"/>
  <system-out/>
  <testcase classname="runner.TestRunner" name="runScenario" time="12.060"/>
  <system-out/>
</testsuite> <!-- runner.TestRunner -->
